<?xml version="1.0" encoding="UTF-8"?>
<testsuite name="com.sorsix.serviceconnector.ServiceConnectorApplicationTests" tests="1" skipped="0" failures="0" errors="0" timestamp="2025-04-23T22:14:06.174Z" hostname="Simonas-MacBook-Pro.local" time="0.577">
  <properties/>
  <testcase name="contextLoads()" classname="com.sorsix.serviceconnector.ServiceConnectorApplicationTests" time="0.577"/>
  <system-out><![CDATA[00:13:59.708 [Test worker] INFO org.springframework.test.context.support.AnnotationConfigContextLoaderUtils -- Could not detect default configuration classes for test class [com.sorsix.serviceconnector.ServiceConnectorApplicationTests]: ServiceConnectorApplicationTests does not declare any static, non-private, non-final, nested classes annotated with @Configuration.
00:13:59.872 [Test worker] INFO org.springframework.boot.test.context.SpringBootTestContextBootstrapper -- Found @SpringBootConfiguration com.sorsix.serviceconnector.ServiceConnectorApplication for test class com.sorsix.serviceconnector.ServiceConnectorApplicationTests

  .   ____          _            __ _ _
 /\\ / ___'_ __ _ _(_)_ __  __ _ \ \ \ \
( ( )\___ | '_ | '_| | '_ \/ _` | \ \ \ \
 \\/  ___)| |_)| | | | | || (_| |  ) ) ) )
  '  |____| .__|_| |_|_| |_\__, | / / / /
 =========|_|==============|___/=/_/_/_/

 :: Spring Boot ::                (v3.4.4)

2025-04-24T00:14:00.406+02:00  INFO 6052 --- [ServiceConnector] [    Test worker] c.s.s.ServiceConnectorApplicationTests   : Starting ServiceConnectorApplicationTests using Java 19.0.1 with PID 6052 (started by simonatrajko in /Users/simonatrajko/Desktop/Sorsix/Backend/final-sorsix-project)
2025-04-24T00:14:00.408+02:00  INFO 6052 --- [ServiceConnector] [    Test worker] c.s.s.ServiceConnectorApplicationTests   : No active profile set, falling back to 1 default profile: "default"
2025-04-24T00:14:01.294+02:00  INFO 6052 --- [ServiceConnector] [    Test worker] .s.d.r.c.RepositoryConfigurationDelegate : Bootstrapping Spring Data JPA repositories in DEFAULT mode.
2025-04-24T00:14:01.389+02:00  INFO 6052 --- [ServiceConnector] [    Test worker] .s.d.r.c.RepositoryConfigurationDelegate : Finished Spring Data repository scanning in 81 ms. Found 6 JPA repository interfaces.
2025-04-24T00:14:02.011+02:00  INFO 6052 --- [ServiceConnector] [    Test worker] com.zaxxer.hikari.HikariDataSource       : HikariPool-1 - Starting...
2025-04-24T00:14:02.207+02:00  INFO 6052 --- [ServiceConnector] [    Test worker] com.zaxxer.hikari.pool.HikariPool        : HikariPool-1 - Added connection org.postgresql.jdbc.PgConnection@3a4a5f3c
2025-04-24T00:14:02.209+02:00  INFO 6052 --- [ServiceConnector] [    Test worker] com.zaxxer.hikari.HikariDataSource       : HikariPool-1 - Start completed.
2025-04-24T00:14:02.247+02:00  INFO 6052 --- [ServiceConnector] [    Test worker] org.flywaydb.core.FlywayExecutor         : Database: jdbc:postgresql://localhost:5432/service_connector (PostgreSQL 17.4)
2025-04-24T00:14:02.324+02:00  INFO 6052 --- [ServiceConnector] [    Test worker] o.f.core.internal.command.DbValidate     : Successfully validated 4 migrations (execution time 00:00.040s)
2025-04-24T00:14:02.356+02:00  INFO 6052 --- [ServiceConnector] [    Test worker] o.f.core.internal.command.DbMigrate      : Current version of schema "public": 7
2025-04-24T00:14:02.360+02:00  INFO 6052 --- [ServiceConnector] [    Test worker] o.f.core.internal.command.DbMigrate      : Schema "public" is up to date. No migration necessary.
2025-04-24T00:14:02.522+02:00  INFO 6052 --- [ServiceConnector] [    Test worker] o.hibernate.jpa.internal.util.LogHelper  : HHH000204: Processing PersistenceUnitInfo [name: default]
2025-04-24T00:14:02.618+02:00  INFO 6052 --- [ServiceConnector] [    Test worker] org.hibernate.Version                    : HHH000412: Hibernate ORM core version 6.6.11.Final
2025-04-24T00:14:02.674+02:00  INFO 6052 --- [ServiceConnector] [    Test worker] o.h.c.internal.RegionFactoryInitiator    : HHH000026: Second-level cache disabled
2025-04-24T00:14:03.118+02:00  INFO 6052 --- [ServiceConnector] [    Test worker] o.s.o.j.p.SpringPersistenceUnitInfo      : No LoadTimeWeaver setup: ignoring JPA class transformer
2025-04-24T00:14:03.239+02:00  INFO 6052 --- [ServiceConnector] [    Test worker] org.hibernate.orm.connections.pooling    : HHH10001005: Database info:
	Database JDBC URL [Connecting through datasource 'HikariDataSource (HikariPool-1)']
	Database driver: undefined/unknown
	Database version: 17.4
	Autocommit mode: undefined/unknown
	Isolation level: undefined/unknown
	Minimum pool size: undefined/unknown
	Maximum pool size: undefined/unknown
2025-04-24T00:14:04.560+02:00  INFO 6052 --- [ServiceConnector] [    Test worker] o.h.e.t.j.p.i.JtaPlatformInitiator       : HHH000489: No JTA platform available (set 'hibernate.transaction.jta.platform' to enable JTA platform integration)
2025-04-24T00:14:04.564+02:00  INFO 6052 --- [ServiceConnector] [    Test worker] j.LocalContainerEntityManagerFactoryBean : Initialized JPA EntityManagerFactory for persistence unit 'default'
2025-04-24T00:14:05.731+02:00  WARN 6052 --- [ServiceConnector] [    Test worker] JpaBaseConfiguration$JpaWebConfiguration : spring.jpa.open-in-view is enabled by default. Therefore, database queries may be performed during view rendering. Explicitly configure spring.jpa.open-in-view to disable this warning
2025-04-24T00:14:06.155+02:00  INFO 6052 --- [ServiceConnector] [    Test worker] c.s.s.ServiceConnectorApplicationTests   : Started ServiceConnectorApplicationTests in 6.075 seconds (process running for 7.804)
Hibernate: select b1_0.id,b1_0.client_id,b1_0.created_at,b1_0.is_recurring,b1_0.provider_id,b1_0.service_id,b1_0.slot_id,b1_0.status from booking b1_0 where b1_0.status=? and b1_0.created_at<?
]]></system-out>
  <system-err><![CDATA[]]></system-err>
</testsuite>
