<?xml version="1.0" encoding="UTF-8"?>
<testsuite name="com.sorsix.serviceconnector.service.BookingServiceTest" tests="9" skipped="0" failures="0" errors="0" timestamp="2025-04-23T22:14:06.762Z" hostname="Simonas-MacBook-Pro.local" time="0.551">
  <properties/>
  <testcase name="respondToBooking should confirm booking and update slot status when accepted()" classname="com.sorsix.serviceconnector.service.BookingServiceTest" time="0.489"/>
  <testcase name="createBooking should save booking with isRecurring true()" classname="com.sorsix.serviceconnector.service.BookingServiceTest" time="0.015"/>
  <testcase name="completeBooking should create new slot 7 days later for recurring bookings()" classname="com.sorsix.serviceconnector.service.BookingServiceTest" time="0.006"/>
  <testcase name="createBooking should throw exception when slot not found()" classname="com.sorsix.serviceconnector.service.BookingServiceTest" time="0.006"/>
  <testcase name="createBooking should throw exception when slot is not available()" classname="com.sorsix.serviceconnector.service.BookingServiceTest" time="0.005"/>
  <testcase name="createBooking should throw exception when slot already has confirmed booking()" classname="com.sorsix.serviceconnector.service.BookingServiceTest" time="0.007"/>
  <testcase name="createBooking should create and save a booking when all validations pass()" classname="com.sorsix.serviceconnector.service.BookingServiceTest" time="0.005"/>
  <testcase name="createBooking should throw exception when client already has booking for slot()" classname="com.sorsix.serviceconnector.service.BookingServiceTest" time="0.005"/>
  <testcase name="respondToBooking should reject booking without changing slot status when rejected()" classname="com.sorsix.serviceconnector.service.BookingServiceTest" time="0.004"/>
  <system-out><![CDATA[]]></system-out>
  <system-err><![CDATA[]]></system-err>
</testsuite>
