<?xml version="1.0" encoding="UTF-8"?>
<testsuite name="BookingServiceImplTest" tests="5" skipped="0" failures="0" errors="0" timestamp="2025-05-05T18:48:17.202Z" hostname="Simonas-MacBook-Pro.local" time="0.181">
  <properties/>
  <testcase name="should fail if slot does not belong to service provider()" classname="BookingServiceImplTest" time="0.128"/>
  <testcase name="should fail if slot already has confirmed booking()" classname="BookingServiceImplTest" time="0.017"/>
  <testcase name="should fail if client has already booked same slot()" classname="BookingServiceImplTest" time="0.005"/>
  <testcase name="should create booking successfully()" classname="BookingServiceImplTest" time="0.01"/>
  <testcase name="should fail if slot is not available()" classname="BookingServiceImplTest" time="0.005"/>
  <system-out><![CDATA[]]></system-out>
  <system-err><![CDATA[]]></system-err>
</testsuite>
