<?xml version="1.0" encoding="UTF-8"?>
<testsuite name="com.sorsix.serviceconnector.service.ScheduleSlotServiceTest" tests="6" skipped="0" failures="0" errors="0" timestamp="2025-04-23T22:14:07.316Z" hostname="Simonas-MacBook-Pro.local" time="0.153">
  <properties/>
  <testcase name="getAvailableSlotsForProvider should return available slots for given provider()" classname="com.sorsix.serviceconnector.service.ScheduleSlotServiceTest" time="0.12"/>
  <testcase name="markSlotAsBooked should change status to BOOKED and save()" classname="com.sorsix.serviceconnector.service.ScheduleSlotServiceTest" time="0.01"/>
  <testcase name="getAvailableSlotsForService should return available slots for given service()" classname="com.sorsix.serviceconnector.service.ScheduleSlotServiceTest" time="0.007"/>
  <testcase name="getAllAvailableSlots should return only available slots()" classname="com.sorsix.serviceconnector.service.ScheduleSlotServiceTest" time="0.003"/>
  <testcase name="createSlot should save and return the created slot()" classname="com.sorsix.serviceconnector.service.ScheduleSlotServiceTest" time="0.004"/>
  <testcase name="deleteSlot should call deleteById on repository()" classname="com.sorsix.serviceconnector.service.ScheduleSlotServiceTest" time="0.003"/>
  <system-out><![CDATA[]]></system-out>
  <system-err><![CDATA[]]></system-err>
</testsuite>
