<?xml version="1.0" encoding="UTF-8"?>
<testsuite name="com.sorsix.serviceconnector.api.BookingControllerTest" tests="1" skipped="0" failures="0" errors="0" timestamp="2025-04-24T16:43:34.724Z" hostname="Simonas-MacBook-Pro.local" time="0.927">
  <properties/>
  <testcase name="cancelBooking should return OK with cancelled booking()" classname="com.sorsix.serviceconnector.api.BookingControllerTest" time="0.927"/>
  <system-out><![CDATA[18:43:31.656 [Test worker] INFO org.springframework.test.context.support.AnnotationConfigContextLoaderUtils -- Could not detect default configuration classes for test class [com.sorsix.serviceconnector.api.BookingControllerTest]: BookingControllerTest does not declare any static, non-private, non-final, nested classes annotated with @Configuration.
18:43:31.857 [Test worker] INFO org.springframework.boot.test.context.SpringBootTestContextBootstrapper -- Found @SpringBootConfiguration com.sorsix.serviceconnector.ServiceConnectorApplication for test class com.sorsix.serviceconnector.api.BookingControllerTest

  .   ____          _            __ _ _
 /\\ / ___'_ __ _ _(_)_ __  __ _ \ \ \ \
( ( )\___ | '_ | '_| | '_ \/ _` | \ \ \ \
 \\/  ___)| |_)| | | | | || (_| |  ) ) ) )
  '  |____| .__|_| |_|_| |_\__, | / / / /
 =========|_|==============|___/=/_/_/_/

 :: Spring Boot ::                (v3.4.4)

2025-04-24T18:43:32.319+02:00  INFO 6889 --- [ServiceConnector] [    Test worker] c.s.s.api.BookingControllerTest          : Starting BookingControllerTest using Java 19.0.1 with PID 6889 (started by simonatrajko in /Users/simonatrajko/Desktop/Sorsix/Backend/final-sorsix-project)
2025-04-24T18:43:32.321+02:00  INFO 6889 --- [ServiceConnector] [    Test worker] c.s.s.api.BookingControllerTest          : No active profile set, falling back to 1 default profile: "default"
2025-04-24T18:43:34.651+02:00  INFO 6889 --- [ServiceConnector] [    Test worker] o.s.b.t.m.w.SpringBootMockServletContext : Initializing Spring TestDispatcherServlet ''
2025-04-24T18:43:34.652+02:00  INFO 6889 --- [ServiceConnector] [    Test worker] o.s.t.web.servlet.TestDispatcherServlet  : Initializing Servlet ''
2025-04-24T18:43:34.656+02:00  INFO 6889 --- [ServiceConnector] [    Test worker] o.s.t.web.servlet.TestDispatcherServlet  : Completed initialization in 2 ms
2025-04-24T18:43:34.710+02:00  INFO 6889 --- [ServiceConnector] [    Test worker] c.s.s.api.BookingControllerTest          : Started BookingControllerTest in 2.749 seconds (process running for 4.12)
]]></system-out>
  <system-err><![CDATA[]]></system-err>
</testsuite>
